<?xml version="1.0" encoding="UTF-8"?>
<!-- Generated by org.testng.reporters.JUnitXMLReporter -->
<testsuite ignored="0" hostname="DESKTOP-74IPH7I" failures="0" tests="3" name="Default test" time="33.902" errors="0" timestamp="2024-04-04T00:12:07 IST">
  <testcase classname="testng.testngdemo1" name="test_OrangeHRM_PIM_Creation" time="6.366"/>
  <testcase classname="testng.testngdemo1" name="test_OrangeHRM_PIM_Delete" time="0.0"/>
  <testcase classname="testng.testngdemo1" name="test_OrangeHRM_PIM_Update" time="0.0"/>
</testsuite> <!-- Default test -->
