<?xml version="1.0" encoding="UTF-8"?>
<testng-results ignored="0" total="3" passed="3" failed="0" skipped="0">
  <reporter-output>
  </reporter-output>
  <suite started-at="2024-04-04T00:11:33 IST" name="Default suite" finished-at="2024-04-04T00:12:07 IST" duration-ms="33902">
    <groups>
    </groups>
    <test started-at="2024-04-04T00:11:33 IST" name="Default test" finished-at="2024-04-04T00:12:07 IST" duration-ms="33902">
      <class name="testng.testngdemo1">
        <test-method is-config="true" signature="openBrowser()[pri:0, instance:testng.testngdemo1@22680f52]" started-at="2024-04-04T00:11:33 IST" name="openBrowser" finished-at="2024-04-04T00:11:48 IST" duration-ms="14695" status="PASS">
          <reporter-output>
          </reporter-output>
        </test-method> <!-- openBrowser -->
        <test-method is-config="true" signature="login()[pri:0, instance:testng.testngdemo1@22680f52]" started-at="2024-04-04T00:11:48 IST" name="login" finished-at="2024-04-04T00:11:51 IST" duration-ms="2492" status="PASS">
          <reporter-output>
          </reporter-output>
        </test-method> <!-- login -->
        <test-method signature="test_OrangeHRM_PIM_Creation()[pri:0, instance:testng.testngdemo1@22680f52]" started-at="2024-04-04T00:11:51 IST" name="test_OrangeHRM_PIM_Creation" finished-at="2024-04-04T00:11:57 IST" duration-ms="6366" status="PASS">
          <reporter-output>
          </reporter-output>
        </test-method> <!-- test_OrangeHRM_PIM_Creation -->
        <test-method is-config="true" signature="logout()[pri:0, instance:testng.testngdemo1@22680f52]" started-at="2024-04-04T00:11:57 IST" name="logout" finished-at="2024-04-04T00:11:59 IST" duration-ms="1463" status="PASS">
          <reporter-output>
          </reporter-output>
        </test-method> <!-- logout -->
        <test-method is-config="true" signature="login()[pri:0, instance:testng.testngdemo1@22680f52]" started-at="2024-04-04T00:11:59 IST" name="login" finished-at="2024-04-04T00:11:59 IST" duration-ms="569" status="PASS">
          <reporter-output>
          </reporter-output>
        </test-method> <!-- login -->
        <test-method signature="test_OrangeHRM_PIM_Delete()[pri:0, instance:testng.testngdemo1@22680f52]" started-at="2024-04-04T00:11:59 IST" name="test_OrangeHRM_PIM_Delete" finished-at="2024-04-04T00:11:59 IST" duration-ms="0" status="PASS">
          <reporter-output>
          </reporter-output>
        </test-method> <!-- test_OrangeHRM_PIM_Delete -->
        <test-method is-config="true" signature="logout()[pri:0, instance:testng.testngdemo1@22680f52]" started-at="2024-04-04T00:11:59 IST" name="logout" finished-at="2024-04-04T00:12:02 IST" duration-ms="2587" status="PASS">
          <reporter-output>
          </reporter-output>
        </test-method> <!-- logout -->
        <test-method is-config="true" signature="login()[pri:0, instance:testng.testngdemo1@22680f52]" started-at="2024-04-04T00:12:02 IST" name="login" finished-at="2024-04-04T00:12:02 IST" duration-ms="594" status="PASS">
          <reporter-output>
          </reporter-output>
        </test-method> <!-- login -->
        <test-method signature="test_OrangeHRM_PIM_Update()[pri:0, instance:testng.testngdemo1@22680f52]" started-at="2024-04-04T00:12:02 IST" name="test_OrangeHRM_PIM_Update" finished-at="2024-04-04T00:12:02 IST" duration-ms="0" status="PASS">
          <reporter-output>
          </reporter-output>
        </test-method> <!-- test_OrangeHRM_PIM_Update -->
        <test-method is-config="true" signature="logout()[pri:0, instance:testng.testngdemo1@22680f52]" started-at="2024-04-04T00:12:02 IST" name="logout" finished-at="2024-04-04T00:12:07 IST" duration-ms="4849" status="PASS">
          <reporter-output>
          </reporter-output>
        </test-method> <!-- logout -->
        <test-method is-config="true" signature="closeBrowser()[pri:0, instance:testng.testngdemo1@22680f52]" started-at="2024-04-04T00:12:07 IST" name="closeBrowser" finished-at="2024-04-04T00:12:07 IST" duration-ms="207" status="PASS">
          <reporter-output>
          </reporter-output>
        </test-method> <!-- closeBrowser -->
      </class> <!-- testng.testngdemo1 -->
    </test> <!-- Default test -->
  </suite> <!-- Default suite -->
</testng-results>
